<?xml version="1.0" encoding="UTF-8"?>
<!-- Generated by org.testng.reporters.JUnitReportReporter -->
<testsuite hostname="DESKTOP-L558MLK" failures="0" tests="1" name="tests.APITests" time="3.265" errors="0" timestamp="2021-11-26T19:12:30 EET" skipped="0">
  <testcase classname="tests.APITests" name="AssertTest" time="3.265"/>
  <system-out/>
</testsuite> <!-- tests.APITests -->
